# JRE version: Java(TM) SE Runtime Environment (8.0_151-b12) (build 1.8.0_151-b12)
# Java VM: Java HotSpot(TM) 64-Bit Server VM (25.151-b12 mixed mode linux-amd64 compressed oops)
Heap:
 PSYoungGen      total 59392K, used 2034K [0x00000000ee200000, 0x00000000f1e00000, 0x0000000100000000)
  eden space 57344K, 0% used [0x00000000ee200000,0x00000000ee200000,0x00000000f1a00000)
  from space 2048K, 99% used [0x00000000f1a00000,0x00000000f1bfc820,0x00000000f1c00000)
  to   space 2048K, 0% used [0x00000000f1c00000,0x00000000f1c00000,0x00000000f1e00000)
 ParOldGen       total 36864K, used 5854K [0x00000000ca600000, 0x00000000cca00000, 0x00000000ee200000)
  object space 36864K, 15% used [0x00000000ca600000,0x00000000cabb7bb8,0x00000000cca00000)
 Metaspace       used 20636K, capacity 20992K, committed 21248K, reserved 1067008K
  class space    used 2645K, capacity 2745K, committed 2816K, reserved 1048576K
GC Heap History (9 events):
Event: 0,649 GC heap before
{Heap before GC invocations=1 (full 0):
 PSYoungGen      total 16384K, used 14336K [0x00000000ee200000, 0x00000000ef400000, 0x0000000100000000)
  eden space 14336K, 100% used [0x00000000ee200000,0x00000000ef000000,0x00000000ef000000)
  from space 2048K, 0% used [0x00000000ef200000,0x00000000ef200000,0x00000000ef400000)
  to   space 2048K, 0% used [0x00000000ef000000,0x00000000ef000000,0x00000000ef200000)
 ParOldGen       total 36864K, used 0K [0x00000000ca600000, 0x00000000cca00000, 0x00000000ee200000)
  object space 36864K, 0% used [0x00000000ca600000,0x00000000ca600000,0x00000000cca00000)
 Metaspace       used 5959K, capacity 6080K, committed 6400K, reserved 1056768K
  class space    used 651K, capacity 688K, committed 768K, reserved 1048576K
Event: 0,658 GC heap after
Heap after GC invocations=1 (full 0):
 PSYoungGen      total 16384K, used 1851K [0x00000000ee200000, 0x00000000f0200000, 0x0000000100000000)
  eden space 14336K, 0% used [0x00000000ee200000,0x00000000ee200000,0x00000000ef000000)
  from space 2048K, 90% used [0x00000000ef000000,0x00000000ef1cee40,0x00000000ef200000)
  to   space 2048K, 0% used [0x00000000f0000000,0x00000000f0000000,0x00000000f0200000)
 ParOldGen       total 36864K, used 8K [0x00000000ca600000, 0x00000000cca00000, 0x00000000ee200000)
  object space 36864K, 0% used [0x00000000ca600000,0x00000000ca602000,0x00000000cca00000)
 Metaspace       used 5959K, capacity 6080K, committed 6400K, reserved 1056768K
  class space    used 651K, capacity 688K, committed 768K, reserved 1048576K
}
Event: 0,919 GC heap before
{Heap before GC invocations=2 (full 0):
 PSYoungGen      total 16384K, used 16187K [0x00000000ee200000, 0x00000000f0200000, 0x0000000100000000)
  eden space 14336K, 100% used [0x00000000ee200000,0x00000000ef000000,0x00000000ef000000)
  from space 2048K, 90% used [0x00000000ef000000,0x00000000ef1cee40,0x00000000ef200000)
  to   space 2048K, 0% used [0x00000000f0000000,0x00000000f0000000,0x00000000f0200000)
 ParOldGen       total 36864K, used 8K [0x00000000ca600000, 0x00000000cca00000, 0x00000000ee200000)
  object space 36864K, 0% used [0x00000000ca600000,0x00000000ca602000,0x00000000cca00000)
 Metaspace       used 7704K, capacity 7756K, committed 7808K, reserved 1056768K
  class space    used 861K, capacity 882K, committed 896K, reserved 1048576K
Event: 0,924 GC heap after
Heap after GC invocations=2 (full 0):
 PSYoungGen      total 30720K, used 1904K [0x00000000ee200000, 0x00000000f0200000, 0x0000000100000000)
  eden space 28672K, 0% used [0x00000000ee200000,0x00000000ee200000,0x00000000efe00000)
  from space 2048K, 92% used [0x00000000f0000000,0x00000000f01dc050,0x00000000f0200000)
  to   space 2048K, 0% used [0x00000000efe00000,0x00000000efe00000,0x00000000f0000000)
 ParOldGen       total 36864K, used 16K [0x00000000ca600000, 0x00000000cca00000, 0x00000000ee200000)
  object space 36864K, 0% used [0x00000000ca600000,0x00000000ca604000,0x00000000cca00000)
 Metaspace       used 7704K, capacity 7756K, committed 7808K, reserved 1056768K
  class space    used 861K, capacity 882K, committed 896K, reserved 1048576K
}
Event: 1,501 GC heap before
{Heap before GC invocations=3 (full 0):
 PSYoungGen      total 30720K, used 30576K [0x00000000ee200000, 0x00000000f0200000, 0x0000000100000000)
  eden space 28672K, 100% used [0x00000000ee200000,0x00000000efe00000,0x00000000efe00000)
  from space 2048K, 92% used [0x00000000f0000000,0x00000000f01dc050,0x00000000f0200000)
  to   space 2048K, 0% used [0x00000000efe00000,0x00000000efe00000,0x00000000f0000000)
 ParOldGen       total 36864K, used 16K [0x00000000ca600000, 0x00000000cca00000, 0x00000000ee200000)
  object space 36864K, 0% used [0x00000000ca600000,0x00000000ca604000,0x00000000cca00000)
 Metaspace       used 12098K, capacity 12344K, committed 12544K, reserved 1060864K
  class space    used 1388K, capacity 1474K, committed 1536K, reserved 1048576K
Event: 1,505 GC heap after
Heap after GC invocations=3 (full 0):
 PSYoungGen      total 30720K, used 2016K [0x00000000ee200000, 0x00000000f1e00000, 0x0000000100000000)
  eden space 28672K, 0% used [0x00000000ee200000,0x00000000ee200000,0x00000000efe00000)
  from space 2048K, 98% used [0x00000000efe00000,0x00000000efff8020,0x00000000f0000000)
  to   space 2048K, 0% used [0x00000000f1c00000,0x00000000f1c00000,0x00000000f1e00000)
 ParOldGen       total 36864K, used 1032K [0x00000000ca600000, 0x00000000cca00000, 0x00000000ee200000)
  object space 36864K, 2% used [0x00000000ca600000,0x00000000ca702108,0x00000000cca00000)
 Metaspace       used 12098K, capacity 12344K, committed 12544K, reserved 1060864K
  class space    used 1388K, capacity 1474K, committed 1536K, reserved 1048576K
}
Event: 1,770 GC heap before
{Heap before GC invocations=4 (full 0):
 PSYoungGen      total 30720K, used 30688K [0x00000000ee200000, 0x00000000f1e00000, 0x0000000100000000)
  eden space 28672K, 100% used [0x00000000ee200000,0x00000000efe00000,0x00000000efe00000)
  from space 2048K, 98% used [0x00000000efe00000,0x00000000efff8020,0x00000000f0000000)
  to   space 2048K, 0% used [0x00000000f1c00000,0x00000000f1c00000,0x00000000f1e00000)
 ParOldGen       total 36864K, used 1032K [0x00000000ca600000, 0x00000000cca00000, 0x00000000ee200000)
  object space 36864K, 2% used [0x00000000ca600000,0x00000000ca702108,0x00000000cca00000)
 Metaspace       used 13380K, capacity 13628K, committed 13824K, reserved 1060864K
  class space    used 1639K, capacity 1704K, committed 1792K, reserved 1048576K
Event: 1,775 GC heap after
Heap after GC invocations=4 (full 0):
 PSYoungGen      total 59392K, used 2016K [0x00000000ee200000, 0x00000000f1e00000, 0x0000000100000000)
  eden space 57344K, 0% used [0x00000000ee200000,0x00000000ee200000,0x00000000f1a00000)
  from space 2048K, 98% used [0x00000000f1c00000,0x00000000f1df8020,0x00000000f1e00000)
  to   space 2048K, 0% used [0x00000000f1a00000,0x00000000f1a00000,0x00000000f1c00000)
 ParOldGen       total 36864K, used 2415K [0x00000000ca600000, 0x00000000cca00000, 0x00000000ee200000)
  object space 36864K, 6% used [0x00000000ca600000,0x00000000ca85bdd0,0x00000000cca00000)
 Metaspace       used 13380K, capacity 13628K, committed 13824K, reserved 1060864K
  class space    used 1639K, capacity 1704K, committed 1792K, reserved 1048576K
}
Event: 11,929 GC heap before
{Heap before GC invocations=5 (full 0):
 PSYoungGen      total 59392K, used 59360K [0x00000000ee200000, 0x00000000f1e00000, 0x0000000100000000)
  eden space 57344K, 100% used [0x00000000ee200000,0x00000000f1a00000,0x00000000f1a00000)
  from space 2048K, 98% used [0x00000000f1c00000,0x00000000f1df8020,0x00000000f1e00000)
  to   space 2048K, 0% used [0x00000000f1a00000,0x00000000f1a00000,0x00000000f1c00000)
 ParOldGen       total 36864K, used 2415K [0x00000000ca600000, 0x00000000cca00000, 0x00000000ee200000)
  object space 36864K, 6% used [0x00000000ca600000,0x00000000ca85bdd0,0x00000000cca00000)
 Metaspace       used 20636K, capacity 20992K, committed 21248K, reserved 1067008K
  class space    used 2645K, capacity 2745K, committed 2816K, reserved 1048576K

