# JRE version: Java(TM) SE Runtime Environment (8.0_151-b12) (build 1.8.0_151-b12)
# Java VM: Java HotSpot(TM) 64-Bit Server VM (25.151-b12 mixed mode linux-amd64 compressed oops)
Heap:
 PSYoungGen      total 61440K, used 15584K [0x00000000ee200000, 0x00000000f2200000, 0x0000000100000000)
  eden space 57344K, 22% used [0x00000000ee200000,0x00000000eee582c0,0x00000000f1a00000)
  from space 4096K, 71% used [0x00000000f1e00000,0x00000000f20e0040,0x00000000f2200000)
  to   space 4096K, 0% used [0x00000000f1a00000,0x00000000f1a00000,0x00000000f1e00000)
 ParOldGen       total 36864K, used 2912K [0x00000000ca600000, 0x00000000cca00000, 0x00000000ee200000)
  object space 36864K, 7% used [0x00000000ca600000,0x00000000ca8d8198,0x00000000cca00000)
 Metaspace       used 20259K, capacity 20612K, committed 20864K, reserved 1067008K
  class space    used 2497K, capacity 2587K, committed 2688K, reserved 1048576K
GC Heap History (10 events):
Event: 0,433 GC heap before
{Heap before GC invocations=2 (full 0):
 PSYoungGen      total 16384K, used 16259K [0x00000000ee200000, 0x00000000ef400000, 0x0000000100000000)
  eden space 14336K, 100% used [0x00000000ee200000,0x00000000ef000000,0x00000000ef000000)
  from space 2048K, 93% used [0x00000000ef000000,0x00000000ef1e0f78,0x00000000ef200000)
  to   space 2048K, 0% used [0x00000000ef200000,0x00000000ef200000,0x00000000ef400000)
 ParOldGen       total 36864K, used 8K [0x00000000ca600000, 0x00000000cca00000, 0x00000000ee200000)
  object space 36864K, 0% used [0x00000000ca600000,0x00000000ca602000,0x00000000cca00000)
 Metaspace       used 7741K, capacity 7820K, committed 8064K, reserved 1056768K
  class space    used 869K, capacity 882K, committed 896K, reserved 1048576K
Event: 0,436 GC heap after
Heap after GC invocations=2 (full 0):
 PSYoungGen      total 16384K, used 1775K [0x00000000ee200000, 0x00000000f0200000, 0x0000000100000000)
  eden space 14336K, 0% used [0x00000000ee200000,0x00000000ee200000,0x00000000ef000000)
  from space 2048K, 86% used [0x00000000ef200000,0x00000000ef3bbca0,0x00000000ef400000)
  to   space 2048K, 0% used [0x00000000ef000000,0x00000000ef000000,0x00000000ef200000)
 ParOldGen       total 36864K, used 16K [0x00000000ca600000, 0x00000000cca00000, 0x00000000ee200000)
  object space 36864K, 0% used [0x00000000ca600000,0x00000000ca604000,0x00000000cca00000)
 Metaspace       used 7741K, capacity 7820K, committed 8064K, reserved 1056768K
  class space    used 869K, capacity 882K, committed 896K, reserved 1048576K
}
Event: 0,760 GC heap before
{Heap before GC invocations=3 (full 0):
 PSYoungGen      total 16384K, used 16111K [0x00000000ee200000, 0x00000000f0200000, 0x0000000100000000)
  eden space 14336K, 100% used [0x00000000ee200000,0x00000000ef000000,0x00000000ef000000)
  from space 2048K, 86% used [0x00000000ef200000,0x00000000ef3bbca0,0x00000000ef400000)
  to   space 2048K, 0% used [0x00000000ef000000,0x00000000ef000000,0x00000000ef200000)
 ParOldGen       total 36864K, used 16K [0x00000000ca600000, 0x00000000cca00000, 0x00000000ee200000)
  object space 36864K, 0% used [0x00000000ca600000,0x00000000ca604000,0x00000000cca00000)
 Metaspace       used 15554K, capacity 15880K, committed 16128K, reserved 1062912K
  class space    used 1834K, capacity 1923K, committed 2048K, reserved 1048576K
Event: 0,765 GC heap after
Heap after GC invocations=3 (full 0):
 PSYoungGen      total 16384K, used 2048K [0x00000000ee200000, 0x00000000f0200000, 0x0000000100000000)
  eden space 14336K, 0% used [0x00000000ee200000,0x00000000ee200000,0x00000000ef000000)
  from space 2048K, 100% used [0x00000000ef000000,0x00000000ef200000,0x00000000ef200000)
  to   space 2048K, 0% used [0x00000000f0000000,0x00000000f0000000,0x00000000f0200000)
 ParOldGen       total 36864K, used 1001K [0x00000000ca600000, 0x00000000cca00000, 0x00000000ee200000)
  object space 36864K, 2% used [0x00000000ca600000,0x00000000ca6fa428,0x00000000cca00000)
 Metaspace       used 15554K, capacity 15880K, committed 16128K, reserved 1062912K
  class space    used 1834K, capacity 1923K, committed 2048K, reserved 1048576K
}
Event: 1,540 GC heap before
{Heap before GC invocations=4 (full 0):
 PSYoungGen      total 16384K, used 16384K [0x00000000ee200000, 0x00000000f0200000, 0x0000000100000000)
  eden space 14336K, 100% used [0x00000000ee200000,0x00000000ef000000,0x00000000ef000000)
  from space 2048K, 100% used [0x00000000ef000000,0x00000000ef200000,0x00000000ef200000)
  to   space 2048K, 0% used [0x00000000f0000000,0x00000000f0000000,0x00000000f0200000)
 ParOldGen       total 36864K, used 1001K [0x00000000ca600000, 0x00000000cca00000, 0x00000000ee200000)
  object space 36864K, 2% used [0x00000000ca600000,0x00000000ca6fa428,0x00000000cca00000)
 Metaspace       used 17416K, capacity 17768K, committed 18048K, reserved 1064960K
  class space    used 2066K, capacity 2161K, committed 2176K, reserved 1048576K
Event: 1,543 GC heap after
Heap after GC invocations=4 (full 0):
 PSYoungGen      total 30720K, used 2021K [0x00000000ee200000, 0x00000000f0200000, 0x0000000100000000)
  eden space 28672K, 0% used [0x00000000ee200000,0x00000000ee200000,0x00000000efe00000)
  from space 2048K, 98% used [0x00000000f0000000,0x00000000f01f9640,0x00000000f0200000)
  to   space 2048K, 0% used [0x00000000efe00000,0x00000000efe00000,0x00000000f0000000)
 ParOldGen       total 36864K, used 1658K [0x00000000ca600000, 0x00000000cca00000, 0x00000000ee200000)
  object space 36864K, 4% used [0x00000000ca600000,0x00000000ca79e9a0,0x00000000cca00000)
 Metaspace       used 17416K, capacity 17768K, committed 18048K, reserved 1064960K
  class space    used 2066K, capacity 2161K, committed 2176K, reserved 1048576K
}
Event: 3,211 GC heap before
{Heap before GC invocations=5 (full 0):
 PSYoungGen      total 30720K, used 30693K [0x00000000ee200000, 0x00000000f0200000, 0x0000000100000000)
  eden space 28672K, 100% used [0x00000000ee200000,0x00000000efe00000,0x00000000efe00000)
  from space 2048K, 98% used [0x00000000f0000000,0x00000000f01f9640,0x00000000f0200000)
  to   space 2048K, 0% used [0x00000000efe00000,0x00000000efe00000,0x00000000f0000000)
 ParOldGen       total 36864K, used 1658K [0x00000000ca600000, 0x00000000cca00000, 0x00000000ee200000)
  object space 36864K, 4% used [0x00000000ca600000,0x00000000ca79e9a0,0x00000000cca00000)
 Metaspace       used 19038K, capacity 19366K, committed 19584K, reserved 1067008K
  class space    used 2319K, capacity 2390K, committed 2432K, reserved 1048576K
Event: 3,221 GC heap after
Heap after GC invocations=5 (full 0):
 PSYoungGen      total 30720K, used 2034K [0x00000000ee200000, 0x00000000f2200000, 0x0000000100000000)
  eden space 28672K, 0% used [0x00000000ee200000,0x00000000ee200000,0x00000000efe00000)
  from space 2048K, 99% used [0x00000000efe00000,0x00000000efffc840,0x00000000f0000000)
  to   space 4096K, 0% used [0x00000000f1e00000,0x00000000f1e00000,0x00000000f2200000)
 ParOldGen       total 36864K, used 2904K [0x00000000ca600000, 0x00000000cca00000, 0x00000000ee200000)
  object space 36864K, 7% used [0x00000000ca600000,0x00000000ca8d6198,0x00000000cca00000)
 Metaspace       used 19038K, capacity 19366K, committed 19584K, reserved 1067008K
  class space    used 2319K, capacity 2390K, committed 2432K, reserved 1048576K
}
Event: 3,901 GC heap before
{Heap before GC invocations=6 (full 0):
 PSYoungGen      total 30720K, used 30706K [0x00000000ee200000, 0x00000000f2200000, 0x0000000100000000)
  eden space 28672K, 100% used [0x00000000ee200000,0x00000000efe00000,0x00000000efe00000)
  from space 2048K, 99% used [0x00000000efe00000,0x00000000efffc840,0x00000000f0000000)
  to   space 4096K, 0% used [0x00000000f1e00000,0x00000000f1e00000,0x00000000f2200000)
 ParOldGen       total 36864K, used 2904K [0x00000000ca600000, 0x00000000cca00000, 0x00000000ee200000)
  object space 36864K, 7% used [0x00000000ca600000,0x00000000ca8d6198,0x00000000cca00000)
 Metaspace       used 20048K, capacity 20412K, committed 20864K, reserved 1067008K
  class space    used 2473K, capacity 2585K, committed 2688K, reserved 1048576K
Event: 3,923 GC heap after
Heap after GC invocations=6 (full 0):
 PSYoungGen      total 61440K, used 2944K [0x00000000ee200000, 0x00000000f2200000, 0x0000000100000000)
  eden space 57344K, 0% used [0x00000000ee200000,0x00000000ee200000,0x00000000f1a00000)
  from space 4096K, 71% used [0x00000000f1e00000,0x00000000f20e0040,0x00000000f2200000)
  to   space 4096K, 0% used [0x00000000f1a00000,0x00000000f1a00000,0x00000000f1e00000)
 ParOldGen       total 36864K, used 2912K [0x00000000ca600000, 0x00000000cca00000, 0x00000000ee200000)
  object space 36864K, 7% used [0x00000000ca600000,0x00000000ca8d8198,0x00000000cca00000)
 Metaspace       used 20048K, capacity 20412K, committed 20864K, reserved 1067008K
  class space    used 2473K, capacity 2585K, committed 2688K, reserved 1048576K
}

