# JRE version: Java(TM) SE Runtime Environment (8.0_151-b12) (build 1.8.0_151-b12)
# Java VM: Java HotSpot(TM) 64-Bit Server VM (25.151-b12 mixed mode linux-amd64 compressed oops)
Heap:
 PSYoungGen      total 59392K, used 43338K [0x00000000ee200000, 0x00000000f1e00000, 0x0000000100000000)
  eden space 57344K, 72% used [0x00000000ee200000,0x00000000f0a582c0,0x00000000f1a00000)
  from space 2048K, 98% used [0x00000000f1c00000,0x00000000f1dfa7a0,0x00000000f1e00000)
  to   space 2048K, 0% used [0x00000000f1a00000,0x00000000f1a00000,0x00000000f1c00000)
 ParOldGen       total 36864K, used 3020K [0x00000000ca600000, 0x00000000cca00000, 0x00000000ee200000)
  object space 36864K, 8% used [0x00000000ca600000,0x00000000ca8f3090,0x00000000cca00000)
 Metaspace       used 20344K, capacity 20676K, committed 21120K, reserved 1067008K
  class space    used 2497K, capacity 2587K, committed 2688K, reserved 1048576K
GC Heap History (8 events):
Event: 0,300 GC heap before
{Heap before GC invocations=1 (full 0):
 PSYoungGen      total 16384K, used 14336K [0x00000000ee200000, 0x00000000ef400000, 0x0000000100000000)
  eden space 14336K, 100% used [0x00000000ee200000,0x00000000ef000000,0x00000000ef000000)
  from space 2048K, 0% used [0x00000000ef200000,0x00000000ef200000,0x00000000ef400000)
  to   space 2048K, 0% used [0x00000000ef000000,0x00000000ef000000,0x00000000ef200000)
 ParOldGen       total 36864K, used 0K [0x00000000ca600000, 0x00000000cca00000, 0x00000000ee200000)
  object space 36864K, 0% used [0x00000000ca600000,0x00000000ca600000,0x00000000cca00000)
 Metaspace       used 5973K, capacity 6080K, committed 6400K, reserved 1056768K
  class space    used 654K, capacity 688K, committed 768K, reserved 1048576K
Event: 0,305 GC heap after
Heap after GC invocations=1 (full 0):
 PSYoungGen      total 16384K, used 1821K [0x00000000ee200000, 0x00000000f0200000, 0x0000000100000000)
  eden space 14336K, 0% used [0x00000000ee200000,0x00000000ee200000,0x00000000ef000000)
  from space 2048K, 88% used [0x00000000ef000000,0x00000000ef1c7570,0x00000000ef200000)
  to   space 2048K, 0% used [0x00000000f0000000,0x00000000f0000000,0x00000000f0200000)
 ParOldGen       total 36864K, used 0K [0x00000000ca600000, 0x00000000cca00000, 0x00000000ee200000)
  object space 36864K, 0% used [0x00000000ca600000,0x00000000ca600000,0x00000000cca00000)
 Metaspace       used 5973K, capacity 6080K, committed 6400K, reserved 1056768K
  class space    used 654K, capacity 688K, committed 768K, reserved 1048576K
}
Event: 0,456 GC heap before
{Heap before GC invocations=2 (full 0):
 PSYoungGen      total 16384K, used 16157K [0x00000000ee200000, 0x00000000f0200000, 0x0000000100000000)
  eden space 14336K, 100% used [0x00000000ee200000,0x00000000ef000000,0x00000000ef000000)
  from space 2048K, 88% used [0x00000000ef000000,0x00000000ef1c7570,0x00000000ef200000)
  to   space 2048K, 0% used [0x00000000f0000000,0x00000000f0000000,0x00000000f0200000)
 ParOldGen       total 36864K, used 0K [0x00000000ca600000, 0x00000000cca00000, 0x00000000ee200000)
  object space 36864K, 0% used [0x00000000ca600000,0x00000000ca600000,0x00000000cca00000)
 Metaspace       used 7726K, capacity 7820K, committed 8064K, reserved 1056768K
  class space    used 864K, capacity 882K, committed 896K, reserved 1048576K
Event: 0,471 GC heap after
Heap after GC invocations=2 (full 0):
 PSYoungGen      total 30720K, used 1792K [0x00000000ee200000, 0x00000000f0200000, 0x0000000100000000)
  eden space 28672K, 0% used [0x00000000ee200000,0x00000000ee200000,0x00000000efe00000)
  from space 2048K, 87% used [0x00000000f0000000,0x00000000f01c0090,0x00000000f0200000)
  to   space 2048K, 0% used [0x00000000efe00000,0x00000000efe00000,0x00000000f0000000)
 ParOldGen       total 36864K, used 16K [0x00000000ca600000, 0x00000000cca00000, 0x00000000ee200000)
  object space 36864K, 0% used [0x00000000ca600000,0x00000000ca604000,0x00000000cca00000)
 Metaspace       used 7726K, capacity 7820K, committed 8064K, reserved 1056768K
  class space    used 864K, capacity 882K, committed 896K, reserved 1048576K
}
Event: 1,654 GC heap before
{Heap before GC invocations=3 (full 0):
 PSYoungGen      total 30720K, used 30464K [0x00000000ee200000, 0x00000000f0200000, 0x0000000100000000)
  eden space 28672K, 100% used [0x00000000ee200000,0x00000000efe00000,0x00000000efe00000)
  from space 2048K, 87% used [0x00000000f0000000,0x00000000f01c0090,0x00000000f0200000)
  to   space 2048K, 0% used [0x00000000efe00000,0x00000000efe00000,0x00000000f0000000)
 ParOldGen       total 36864K, used 16K [0x00000000ca600000, 0x00000000cca00000, 0x00000000ee200000)
  object space 36864K, 0% used [0x00000000ca600000,0x00000000ca604000,0x00000000cca00000)
 Metaspace       used 17385K, capacity 17704K, committed 18048K, reserved 1064960K
  class space    used 2067K, capacity 2161K, committed 2176K, reserved 1048576K
Event: 1,662 GC heap after
Heap after GC invocations=3 (full 0):
 PSYoungGen      total 30720K, used 2032K [0x00000000ee200000, 0x00000000f1e00000, 0x0000000100000000)
  eden space 28672K, 0% used [0x00000000ee200000,0x00000000ee200000,0x00000000efe00000)
  from space 2048K, 99% used [0x00000000efe00000,0x00000000efffc240,0x00000000f0000000)
  to   space 2048K, 0% used [0x00000000f1c00000,0x00000000f1c00000,0x00000000f1e00000)
 ParOldGen       total 36864K, used 1829K [0x00000000ca600000, 0x00000000cca00000, 0x00000000ee200000)
  object space 36864K, 4% used [0x00000000ca600000,0x00000000ca7c9450,0x00000000cca00000)
 Metaspace       used 17385K, capacity 17704K, committed 18048K, reserved 1064960K
  class space    used 2067K, capacity 2161K, committed 2176K, reserved 1048576K
}
Event: 3,074 GC heap before
{Heap before GC invocations=4 (full 0):
 PSYoungGen      total 30720K, used 30704K [0x00000000ee200000, 0x00000000f1e00000, 0x0000000100000000)
  eden space 28672K, 100% used [0x00000000ee200000,0x00000000efe00000,0x00000000efe00000)
  from space 2048K, 99% used [0x00000000efe00000,0x00000000efffc240,0x00000000f0000000)
  to   space 2048K, 0% used [0x00000000f1c00000,0x00000000f1c00000,0x00000000f1e00000)
 ParOldGen       total 36864K, used 1829K [0x00000000ca600000, 0x00000000cca00000, 0x00000000ee200000)
  object space 36864K, 4% used [0x00000000ca600000,0x00000000ca7c9450,0x00000000cca00000)
 Metaspace       used 19007K, capacity 19354K, committed 19584K, reserved 1067008K
  class space    used 2316K, capacity 2388K, committed 2432K, reserved 1048576K
Event: 3,088 GC heap after
Heap after GC invocations=4 (full 0):
 PSYoungGen      total 59392K, used 2025K [0x00000000ee200000, 0x00000000f1e00000, 0x0000000100000000)
  eden space 57344K, 0% used [0x00000000ee200000,0x00000000ee200000,0x00000000f1a00000)
  from space 2048K, 98% used [0x00000000f1c00000,0x00000000f1dfa7a0,0x00000000f1e00000)
  to   space 2048K, 0% used [0x00000000f1a00000,0x00000000f1a00000,0x00000000f1c00000)
 ParOldGen       total 36864K, used 3020K [0x00000000ca600000, 0x00000000cca00000, 0x00000000ee200000)
  object space 36864K, 8% used [0x00000000ca600000,0x00000000ca8f3090,0x00000000cca00000)
 Metaspace       used 19007K, capacity 19354K, committed 19584K, reserved 1067008K
  class space    used 2316K, capacity 2388K, committed 2432K, reserved 1048576K
}

