# JRE version: Java(TM) SE Runtime Environment (8.0_151-b12) (build 1.8.0_151-b12)
# Java VM: Java HotSpot(TM) 64-Bit Server VM (25.151-b12 mixed mode linux-amd64 compressed oops)
Heap:
 PSYoungGen      total 30720K, used 2016K [0x00000000ee200000, 0x00000000f0200000, 0x0000000100000000)
  eden space 28672K, 0% used [0x00000000ee200000,0x00000000ee200000,0x00000000efe00000)
  from space 2048K, 98% used [0x00000000efe00000,0x00000000efff8020,0x00000000f0000000)
  to   space 2048K, 0% used [0x00000000f0000000,0x00000000f0000000,0x00000000f0200000)
 ParOldGen       total 36864K, used 2426K [0x00000000ca600000, 0x00000000cca00000, 0x00000000ee200000)
  object space 36864K, 6% used [0x00000000ca600000,0x00000000ca85e948,0x00000000cca00000)
 Metaspace       used 13401K, capacity 13660K, committed 13824K, reserved 1060864K
  class space    used 1644K, capacity 1736K, committed 1792K, reserved 1048576K
GC Heap History (9 events):
Event: 0,733 GC heap before
{Heap before GC invocations=1 (full 0):
 PSYoungGen      total 16384K, used 14336K [0x00000000ee200000, 0x00000000ef400000, 0x0000000100000000)
  eden space 14336K, 100% used [0x00000000ee200000,0x00000000ef000000,0x00000000ef000000)
  from space 2048K, 0% used [0x00000000ef200000,0x00000000ef200000,0x00000000ef400000)
  to   space 2048K, 0% used [0x00000000ef000000,0x00000000ef000000,0x00000000ef200000)
 ParOldGen       total 36864K, used 0K [0x00000000ca600000, 0x00000000cca00000, 0x00000000ee200000)
  object space 36864K, 0% used [0x00000000ca600000,0x00000000ca600000,0x00000000cca00000)
 Metaspace       used 5955K, capacity 6080K, committed 6400K, reserved 1056768K
  class space    used 652K, capacity 688K, committed 768K, reserved 1048576K
Event: 0,740 GC heap after
Heap after GC invocations=1 (full 0):
 PSYoungGen      total 16384K, used 1914K [0x00000000ee200000, 0x00000000ef400000, 0x0000000100000000)
  eden space 14336K, 0% used [0x00000000ee200000,0x00000000ee200000,0x00000000ef000000)
  from space 2048K, 93% used [0x00000000ef000000,0x00000000ef1de9a0,0x00000000ef200000)
  to   space 2048K, 0% used [0x00000000ef200000,0x00000000ef200000,0x00000000ef400000)
 ParOldGen       total 36864K, used 8K [0x00000000ca600000, 0x00000000cca00000, 0x00000000ee200000)
  object space 36864K, 0% used [0x00000000ca600000,0x00000000ca602000,0x00000000cca00000)
 Metaspace       used 5955K, capacity 6080K, committed 6400K, reserved 1056768K
  class space    used 652K, capacity 688K, committed 768K, reserved 1048576K
}
Event: 1,042 GC heap before
{Heap before GC invocations=2 (full 0):
 PSYoungGen      total 16384K, used 16250K [0x00000000ee200000, 0x00000000ef400000, 0x0000000100000000)
  eden space 14336K, 100% used [0x00000000ee200000,0x00000000ef000000,0x00000000ef000000)
  from space 2048K, 93% used [0x00000000ef000000,0x00000000ef1de9a0,0x00000000ef200000)
  to   space 2048K, 0% used [0x00000000ef200000,0x00000000ef200000,0x00000000ef400000)
 ParOldGen       total 36864K, used 8K [0x00000000ca600000, 0x00000000cca00000, 0x00000000ee200000)
  object space 36864K, 0% used [0x00000000ca600000,0x00000000ca602000,0x00000000cca00000)
 Metaspace       used 7687K, capacity 7756K, committed 7808K, reserved 1056768K
  class space    used 861K, capacity 882K, committed 896K, reserved 1048576K
Event: 1,067 GC heap after
Heap after GC invocations=2 (full 0):
 PSYoungGen      total 16384K, used 2002K [0x00000000ee200000, 0x00000000f0200000, 0x0000000100000000)
  eden space 14336K, 0% used [0x00000000ee200000,0x00000000ee200000,0x00000000ef000000)
  from space 2048K, 97% used [0x00000000ef200000,0x00000000ef3f4b68,0x00000000ef400000)
  to   space 2048K, 0% used [0x00000000ef000000,0x00000000ef000000,0x00000000ef200000)
 ParOldGen       total 36864K, used 16K [0x00000000ca600000, 0x00000000cca00000, 0x00000000ee200000)
  object space 36864K, 0% used [0x00000000ca600000,0x00000000ca604000,0x00000000cca00000)
 Metaspace       used 7687K, capacity 7756K, committed 7808K, reserved 1056768K
  class space    used 861K, capacity 882K, committed 896K, reserved 1048576K
}
Event: 6,776 GC heap before
{Heap before GC invocations=3 (full 0):
 PSYoungGen      total 16384K, used 16338K [0x00000000ee200000, 0x00000000f0200000, 0x0000000100000000)
  eden space 14336K, 100% used [0x00000000ee200000,0x00000000ef000000,0x00000000ef000000)
  from space 2048K, 97% used [0x00000000ef200000,0x00000000ef3f4b68,0x00000000ef400000)
  to   space 2048K, 0% used [0x00000000ef000000,0x00000000ef000000,0x00000000ef200000)
 ParOldGen       total 36864K, used 16K [0x00000000ca600000, 0x00000000cca00000, 0x00000000ee200000)
  object space 36864K, 0% used [0x00000000ca600000,0x00000000ca604000,0x00000000cca00000)
 Metaspace       used 11348K, capacity 11576K, committed 11904K, reserved 1060864K
  class space    used 1276K, capacity 1346K, committed 1408K, reserved 1048576K
Event: 7,211 GC heap after
Heap after GC invocations=3 (full 0):
 PSYoungGen      total 16384K, used 2034K [0x00000000ee200000, 0x00000000f0200000, 0x0000000100000000)
  eden space 14336K, 0% used [0x00000000ee200000,0x00000000ee200000,0x00000000ef000000)
  from space 2048K, 99% used [0x00000000ef000000,0x00000000ef1fc960,0x00000000ef200000)
  to   space 2048K, 0% used [0x00000000f0000000,0x00000000f0000000,0x00000000f0200000)
 ParOldGen       total 36864K, used 424K [0x00000000ca600000, 0x00000000cca00000, 0x00000000ee200000)
  object space 36864K, 1% used [0x00000000ca600000,0x00000000ca66a1d8,0x00000000cca00000)
 Metaspace       used 11348K, capacity 11576K, committed 11904K, reserved 1060864K
  class space    used 1276K, capacity 1346K, committed 1408K, reserved 1048576K
}
Event: 7,578 GC heap before
{Heap before GC invocations=4 (full 0):
 PSYoungGen      total 16384K, used 16370K [0x00000000ee200000, 0x00000000f0200000, 0x0000000100000000)
  eden space 14336K, 100% used [0x00000000ee200000,0x00000000ef000000,0x00000000ef000000)
  from space 2048K, 99% used [0x00000000ef000000,0x00000000ef1fc960,0x00000000ef200000)
  to   space 2048K, 0% used [0x00000000f0000000,0x00000000f0000000,0x00000000f0200000)
 ParOldGen       total 36864K, used 424K [0x00000000ca600000, 0x00000000cca00000, 0x00000000ee200000)
  object space 36864K, 1% used [0x00000000ca600000,0x00000000ca66a1d8,0x00000000cca00000)
 Metaspace       used 12115K, capacity 12344K, committed 12544K, reserved 1060864K
  class space    used 1391K, capacity 1474K, committed 1536K, reserved 1048576K
Event: 7,587 GC heap after
Heap after GC invocations=4 (full 0):
 PSYoungGen      total 30720K, used 2032K [0x00000000ee200000, 0x00000000f0200000, 0x0000000100000000)
  eden space 28672K, 0% used [0x00000000ee200000,0x00000000ee200000,0x00000000efe00000)
  from space 2048K, 99% used [0x00000000f0000000,0x00000000f01fc030,0x00000000f0200000)
  to   space 2048K, 0% used [0x00000000efe00000,0x00000000efe00000,0x00000000f0000000)
 ParOldGen       total 36864K, used 1021K [0x00000000ca600000, 0x00000000cca00000, 0x00000000ee200000)
  object space 36864K, 2% used [0x00000000ca600000,0x00000000ca6ff6c0,0x00000000cca00000)
 Metaspace       used 12115K, capacity 12344K, committed 12544K, reserved 1060864K
  class space    used 1391K, capacity 1474K, committed 1536K, reserved 1048576K
}
Event: 27,175 GC heap before
{Heap before GC invocations=5 (full 0):
 PSYoungGen      total 30720K, used 30704K [0x00000000ee200000, 0x00000000f0200000, 0x0000000100000000)
  eden space 28672K, 100% used [0x00000000ee200000,0x00000000efe00000,0x00000000efe00000)
  from space 2048K, 99% used [0x00000000f0000000,0x00000000f01fc030,0x00000000f0200000)
  to   space 2048K, 0% used [0x00000000efe00000,0x00000000efe00000,0x00000000f0000000)
 ParOldGen       total 36864K, used 1021K [0x00000000ca600000, 0x00000000cca00000, 0x00000000ee200000)
  object space 36864K, 2% used [0x00000000ca600000,0x00000000ca6ff6c0,0x00000000cca00000)
 Metaspace       used 13401K, capacity 13660K, committed 13824K, reserved 1060864K
  class space    used 1644K, capacity 1736K, committed 1792K, reserved 1048576K

